<?xml version="1.0" encoding="UTF-8"?>
<!-- Generated by org.testng.reporters.JUnitReportReporter -->
<testsuite hostname="DESKTOP-ECENQC1" failures="0" tests="20" name="TESTNG.Invocationcounts" time="0.106" errors="0" timestamp="2023-07-15T11:19:45 IST" skipped="0">
  <testcase classname="TESTNG.Invocationcounts" name="Login" time="0.005"/>
  <system-out/>
  <testcase classname="TESTNG.Invocationcounts" name="Login" time="0.016"/>
  <system-out/>
  <testcase classname="TESTNG.Invocationcounts" name="Login" time="0.001"/>
  <system-out/>
  <testcase classname="TESTNG.Invocationcounts" name="Login" time="0.015"/>
  <system-out/>
  <testcase classname="TESTNG.Invocationcounts" name="Login" time="0.007"/>
  <system-out/>
  <testcase classname="TESTNG.Invocationcounts" name="Login" time="0.001"/>
  <system-out/>
  <testcase classname="TESTNG.Invocationcounts" name="Login" time="0.001"/>
  <system-out/>
  <testcase classname="TESTNG.Invocationcounts" name="Login" time="0.003"/>
  <system-out/>
  <testcase classname="TESTNG.Invocationcounts" name="Login" time="0.005"/>
  <system-out/>
  <testcase classname="TESTNG.Invocationcounts" name="Login" time="0.001"/>
  <system-out/>
  <testcase classname="TESTNG.Invocationcounts" name="Login" time="0.002"/>
  <system-out/>
  <testcase classname="TESTNG.Invocationcounts" name="Login" time="0.018"/>
  <system-out/>
  <testcase classname="TESTNG.Invocationcounts" name="Login" time="0.003"/>
  <system-out/>
  <testcase classname="TESTNG.Invocationcounts" name="Login" time="0.002"/>
  <system-out/>
  <testcase classname="TESTNG.Invocationcounts" name="Login" time="0.005"/>
  <system-out/>
  <testcase classname="TESTNG.Invocationcounts" name="Login" time="0.008"/>
  <system-out/>
  <testcase classname="TESTNG.Invocationcounts" name="Login" time="0.003"/>
  <system-out/>
  <testcase classname="TESTNG.Invocationcounts" name="Login" time="0.002"/>
  <system-out/>
  <testcase classname="TESTNG.Invocationcounts" name="Login" time="0.006"/>
  <system-out/>
  <testcase classname="TESTNG.Invocationcounts" name="Login" time="0.002"/>
  <system-out/>
</testsuite> <!-- TESTNG.Invocationcounts -->
