<?xml version="1.0" encoding="UTF-8"?>
<!-- Generated by org.testng.reporters.JUnitReportReporter -->
<testsuite hostname="DESKTOP-ECENQC1" failures="0" tests="3" name="TESTNG.Grouping" time="25.113" errors="0" timestamp="2023-07-15T11:35:41 IST" skipped="0">
  <testcase classname="TESTNG.Grouping" name="OpenApp" time="19.864"/>
  <system-out/>
  <testcase classname="TESTNG.Grouping" name="Login" time="5.243"/>
  <system-out/>
  <testcase classname="TESTNG.Grouping" name="AdvSearch" time="0.006"/>
  <system-out/>
</testsuite> <!-- TESTNG.Grouping -->
