<?xml version="1.0" encoding="UTF-8"?>
<!-- Generated by org.testng.reporters.JUnitReportReporter -->
<testsuite hostname="DESKTOP-ECENQC1" failures="0" tests="4" name="TESTNG.AnnotationPriority" time="24.665" errors="0" timestamp="2023-07-15T11:19:45 IST" skipped="0">
  <testcase classname="TESTNG.AnnotationPriority" name="OpenApp" time="16.947"/>
  <system-out/>
  <testcase classname="TESTNG.AnnotationPriority" name="Login" time="6.100"/>
  <system-out/>
  <testcase classname="TESTNG.AnnotationPriority" name="Search" time="0.005"/>
  <system-out/>
  <testcase classname="TESTNG.AnnotationPriority" name="Teardown" time="1.613"/>
  <system-out/>
</testsuite> <!-- TESTNG.AnnotationPriority -->
